<?xml version="1.0" encoding="UTF-8"?>
<testng-results ignored="0" total="1" passed="1" failed="0" skipped="0">
  <reporter-output>
  </reporter-output>
  <suite started-at="2022-06-27T22:58:33 EDT" name="Default suite" finished-at="2022-06-27T22:58:37 EDT" duration-ms="4005">
    <groups>
    </groups>
    <test started-at="2022-06-27T22:58:33 EDT" name="Default test" finished-at="2022-06-27T22:58:37 EDT" duration-ms="4005">
      <class name="testNGPackage.AssertionExample">
        <test-method signature="checkGoogleSite()[pri:0, instance:testNGPackage.AssertionExample@609db43b]" started-at="2022-06-27T22:58:33 EDT" name="checkGoogleSite" finished-at="2022-06-27T22:58:37 EDT" duration-ms="3923" status="PASS">
          <reporter-output>
          </reporter-output>
        </test-method> <!-- checkGoogleSite -->
      </class> <!-- testNGPackage.AssertionExample -->
    </test> <!-- Default test -->
  </suite> <!-- Default suite -->
</testng-results>
